<?xml version="1.0" encoding="UTF-8"?>
<testng-results ignored="0" total="2" passed="2" failed="0" skipped="0">
  <reporter-output>
  </reporter-output>
  <suite started-at="2022-04-10T22:50:35 CDT" name="Default suite" finished-at="2022-04-10T22:50:38 CDT" duration-ms="3464">
    <groups>
    </groups>
    <test started-at="2022-04-10T22:50:35 CDT" name="Default test" finished-at="2022-04-10T22:50:38 CDT" duration-ms="3464">
      <class name="tests.PutPatchDelete">
        <test-method signature="testDelete()[pri:0, instance:tests.PutPatchDelete@4944252c]" started-at="2022-04-10T22:50:35 CDT" name="testDelete" finished-at="2022-04-10T22:50:37 CDT" duration-ms="2730" status="PASS">
          <reporter-output>
          </reporter-output>
        </test-method> <!-- testDelete -->
        <test-method signature="testPut()[pri:0, instance:tests.PutPatchDelete@4944252c]" started-at="2022-04-10T22:50:37 CDT" name="testPut" finished-at="2022-04-10T22:50:38 CDT" duration-ms="676" status="PASS">
          <reporter-output>
          </reporter-output>
        </test-method> <!-- testPut -->
      </class> <!-- tests.PutPatchDelete -->
    </test> <!-- Default test -->
  </suite> <!-- Default suite -->
</testng-results>
